#
# There is insufficient memory for the Java Runtime Environment to continue.
# Native memory allocation (mmap) failed to map 301989888 bytes for G1 virtual space
# Possible reasons:
#   The system is out of physical RAM or swap space
#   The process is running with CompressedOops enabled, and the Java Heap may be blocking the growth of the native heap
# Possible solutions:
#   Reduce memory load on the system
#   Increase physical memory or swap space
#   Check if swap backing store is full
#   Decrease Java heap size (-Xmx/-Xms)
#   Decrease number of Java threads
#   Decrease Java thread stack sizes (-Xss)
#   Set larger code cache with -XX:ReservedCodeCacheSize=
#   JVM is running with Zero Based Compressed Oops mode in which the Java heap is
#     placed in the first 32GB address space. The Java Heap base address is the
#     maximum limit for the native heap growth. Please use -XX:HeapBaseMinAddress
#     to set the Java Heap base and to place the Java Heap above 32GB virtual address.
# This output file may be truncated or incomplete.
#
#  Out of Memory Error (os_windows.cpp:3535), pid=10428, tid=16004
#
# JRE version:  (17.0.3.1+2) (build )
# Java VM: Java HotSpot(TM) 64-Bit Server VM (17.0.3.1+2-LTS-6, mixed mode, sharing, tiered, compressed oops, compressed class ptrs, g1 gc, windows-amd64)
# No core dump will be written. Minidumps are not enabled by default on client versions of Windows
#

---------------  S U M M A R Y ------------

Command Line: -Dclassworlds.conf=C:\Program Files\NetBeans-13\netbeans\java\maven\bin\m2.conf -Dmaven.home=C:\Program Files\NetBeans-13\netbeans\java\maven -Dlibrary.jansi.path=C:\Program Files\NetBeans-13\netbeans\java\maven\lib\jansi-native -Dmaven.multiModuleProjectDirectory=C:\Users\Jesica\Documents\ArgProg\Tutorial-portfolio\PruebaBackend\InitializrSpringbootProject org.codehaus.plexus.classworlds.launcher.Launcher -Dexec.vmArgs= -Dexec.args=${exec.vmArgs} -classpath %classpath ${exec.mainClass} ${exec.appArgs} -Dexec.executable=C:\Program Files\Java\jdk-17.0.3.1\bin\java.exe -Dexec.mainClass=com.prueba.portfolio.PortfolioApplication -Dexec.classpathScope=runtime -Dexec.appArgs= -Dmaven.ext.class.path=C:\Program Files\NetBeans-13\netbeans\java\maven-nblib\netbeans-eventspy.jar -Dfile.encoding=UTF-8 org.codehaus.mojo:exec-maven-plugin:3.0.0:exec

Host: Intel(R) Core(TM) i7 CPU         930  @ 2.80GHz, 8 cores, 17G,  Windows 10 , 64 bit Build 19041 (10.0.19041.1706)
Time: Sun Jun 12 01:19:47 2022 Hora estándar de Argentina elapsed time: 0.012094 seconds (0d 0h 0m 0s)

---------------  T H R E A D  ---------------

Current thread (0x00000264784d3da0):  JavaThread "Unknown thread" [_thread_in_vm, id=16004, stack(0x000000c00b400000,0x000000c00b500000)]

Stack: [0x000000c00b400000,0x000000c00b500000]
Native frames: (J=compiled Java code, j=interpreted, Vv=VM code, C=native code)
V  [jvm.dll+0x6711ba]
V  [jvm.dll+0x7d0834]
V  [jvm.dll+0x7d1fde]
V  [jvm.dll+0x7d2643]
V  [jvm.dll+0x242c85]
V  [jvm.dll+0x66e0d9]
V  [jvm.dll+0x662a22]
V  [jvm.dll+0x300ddb]
V  [jvm.dll+0x308376]
V  [jvm.dll+0x357f7e]
V  [jvm.dll+0x3581af]
V  [jvm.dll+0x2d7ff8]
V  [jvm.dll+0x2d8f64]
V  [jvm.dll+0x7a2411]
V  [jvm.dll+0x365d01]
V  [jvm.dll+0x78187c]
V  [jvm.dll+0x3e873f]
V  [jvm.dll+0x3ea1e1]
C  [jli.dll+0x527b]
C  [ucrtbase.dll+0x21bb2]
C  [KERNEL32.DLL+0x17034]
C  [ntdll.dll+0x52651]


---------------  P R O C E S S  ---------------

Threads class SMR info:
_java_thread_list=0x00007ff96a829858, length=0, elements={
}

Java Threads: ( => current thread )

Other Threads:
  0x0000026478540fb0 GCTaskThread "GC Thread#0" [stack: 0x000000c00b500000,0x000000c00b600000] [id=12388]
  0x000002647854b410 ConcurrentGCThread "G1 Main Marker" [stack: 0x000000c00b600000,0x000000c00b700000] [id=4744]
  0x000002647854c4d0 ConcurrentGCThread "G1 Conc#0" [stack: 0x000000c00b700000,0x000000c00b800000] [id=1168]

[error occurred during error reporting (printing all threads), id 0xc0000005, EXCEPTION_ACCESS_VIOLATION (0xc0000005) at pc=0x00007ff96a0789e7]

VM state: not at safepoint (not fully initialized)

VM Mutex/Monitor currently owned by a thread:  ([mutex/lock_event])
[0x00000264784d1ff0] Heap_lock - owner thread: 0x00000264784d3da0

Heap address: 0x00000006e0000000, size: 4608 MB, Compressed Oops mode: Zero based, Oop shift amount: 3

CDS archive(s) mapped at: [0x0000000000000000-0x0000000000000000-0x0000000000000000), size 0, SharedBaseAddress: 0x0000000800000000, ArchiveRelocationMode: 0.
Narrow klass base: 0x0000000000000000, Narrow klass shift: 0, Narrow klass range: 0x0

GC Precious Log:
<Empty>

Heap:
 garbage-first heap   total 0K, used 0K [0x00000006e0000000, 0x0000000800000000)
  region size 4096K, 0 young (0K), 0 survivors (0K)

[error occurred during error reporting (printing heap information), id 0xc0000005, EXCEPTION_ACCESS_VIOLATION (0xc0000005) at pc=0x00007ff96a45a629]

GC Heap History (0 events):
No events

Deoptimization events (0 events):
No events

Classes unloaded (0 events):
No events

Classes redefined (0 events):
No events

Internal exceptions (0 events):
No events

VM Operations (0 events):
No events

Events (1 events):
Event: 0.007 Loaded shared library C:\Program Files\Java\jdk-17.0.3.1\bin\java.dll


Dynamic libraries:
0x00007ff68ed80000 - 0x00007ff68ed90000 	C:\Program Files\Java\jdk-17.0.3.1\bin\java.exe
0x00007ff9c38f0000 - 0x00007ff9c3ae5000 	C:\WINDOWS\SYSTEM32\ntdll.dll
0x00007ff9c3670000 - 0x00007ff9c372d000 	C:\WINDOWS\System32\KERNEL32.DLL
0x00007ff9c13d0000 - 0x00007ff9c169d000 	C:\WINDOWS\System32\KERNELBASE.dll
0x00007ff9c1220000 - 0x00007ff9c1320000 	C:\WINDOWS\System32\ucrtbase.dll
0x00007ff9a8620000 - 0x00007ff9a863a000 	C:\Program Files\Java\jdk-17.0.3.1\bin\VCRUNTIME140.dll
0x00007ff998eb0000 - 0x00007ff998ec8000 	C:\Program Files\Java\jdk-17.0.3.1\bin\jli.dll
0x00007ff9c2a10000 - 0x00007ff9c2abe000 	C:\WINDOWS\System32\ADVAPI32.dll
0x00007ff9c2bc0000 - 0x00007ff9c2c5e000 	C:\WINDOWS\System32\msvcrt.dll
0x00007ff9c2940000 - 0x00007ff9c29dc000 	C:\WINDOWS\System32\sechost.dll
0x00007ff9c2430000 - 0x00007ff9c2555000 	C:\WINDOWS\System32\RPCRT4.dll
0x00007ff9c19c0000 - 0x00007ff9c1b60000 	C:\WINDOWS\System32\USER32.dll
0x00007ff9c16a0000 - 0x00007ff9c16c2000 	C:\WINDOWS\System32\win32u.dll
0x00007ff9ae430000 - 0x00007ff9ae6ca000 	C:\WINDOWS\WinSxS\amd64_microsoft.windows.common-controls_6595b64144ccf1df_6.0.19041.1110_none_60b5254171f9507e\COMCTL32.dll
0x00007ff9c2c60000 - 0x00007ff9c2c8a000 	C:\WINDOWS\System32\GDI32.dll
0x00007ff9c1110000 - 0x00007ff9c121b000 	C:\WINDOWS\System32\gdi32full.dll
0x00007ff9c1740000 - 0x00007ff9c17dd000 	C:\WINDOWS\System32\msvcp_win.dll
0x00007ff9baf90000 - 0x00007ff9baf9a000 	C:\WINDOWS\SYSTEM32\VERSION.dll
0x00007ff9c29e0000 - 0x00007ff9c2a10000 	C:\WINDOWS\System32\IMM32.DLL
0x00007ff9bcb80000 - 0x00007ff9bcb8c000 	C:\Program Files\Java\jdk-17.0.3.1\bin\vcruntime140_1.dll
0x00007ff9a1290000 - 0x00007ff9a131d000 	C:\Program Files\Java\jdk-17.0.3.1\bin\msvcp140.dll
0x00007ff969d90000 - 0x00007ff96a950000 	C:\Program Files\Java\jdk-17.0.3.1\bin\server\jvm.dll
0x00007ff9c1fe0000 - 0x00007ff9c1fe8000 	C:\WINDOWS\System32\PSAPI.DLL
0x00007ff9bcc30000 - 0x00007ff9bcc39000 	C:\WINDOWS\SYSTEM32\WSOCK32.dll
0x00007ff9b4100000 - 0x00007ff9b4127000 	C:\WINDOWS\SYSTEM32\WINMM.dll
0x00007ff9c2360000 - 0x00007ff9c23cb000 	C:\WINDOWS\System32\WS2_32.dll
0x00007ff9bef20000 - 0x00007ff9bef32000 	C:\WINDOWS\SYSTEM32\kernel.appcore.dll
0x00007ff9b5fc0000 - 0x00007ff9b5fca000 	C:\Program Files\Java\jdk-17.0.3.1\bin\jimage.dll
0x00007ff9b61a0000 - 0x00007ff9b6384000 	C:\WINDOWS\SYSTEM32\DBGHELP.DLL
0x00007ff9aba60000 - 0x00007ff9aba8c000 	C:\WINDOWS\SYSTEM32\dbgcore.DLL
0x00007ff9c1000000 - 0x00007ff9c1082000 	C:\WINDOWS\System32\bcryptPrimitives.dll
0x00007ff9a5e60000 - 0x00007ff9a5e85000 	C:\Program Files\Java\jdk-17.0.3.1\bin\java.dll

dbghelp: loaded successfully - version: 4.0.5 - missing functions: none
symbol engine: initialized successfully - sym options: 0x614 - pdb path: .;C:\Program Files\Java\jdk-17.0.3.1\bin;C:\WINDOWS\SYSTEM32;C:\WINDOWS\WinSxS\amd64_microsoft.windows.common-controls_6595b64144ccf1df_6.0.19041.1110_none_60b5254171f9507e;C:\Program Files\Java\jdk-17.0.3.1\bin\server

VM Arguments:
jvm_args: -Dclassworlds.conf=C:\Program Files\NetBeans-13\netbeans\java\maven\bin\m2.conf -Dmaven.home=C:\Program Files\NetBeans-13\netbeans\java\maven -Dlibrary.jansi.path=C:\Program Files\NetBeans-13\netbeans\java\maven\lib\jansi-native -Dmaven.multiModuleProjectDirectory=C:\Users\Jesica\Documents\ArgProg\Tutorial-portfolio\PruebaBackend\InitializrSpringbootProject 
java_command: org.codehaus.plexus.classworlds.launcher.Launcher -Dexec.vmArgs= -Dexec.args=${exec.vmArgs} -classpath %classpath ${exec.mainClass} ${exec.appArgs} -Dexec.executable=C:\Program Files\Java\jdk-17.0.3.1\bin\java.exe -Dexec.mainClass=com.prueba.portfolio.PortfolioApplication -Dexec.classpathScope=runtime -Dexec.appArgs= -Dmaven.ext.class.path=C:\Program Files\NetBeans-13\netbeans\java\maven-nblib\netbeans-eventspy.jar -Dfile.encoding=UTF-8 org.codehaus.mojo:exec-maven-plugin:3.0.0:exec
java_class_path (initial): C:\Program Files\NetBeans-13\netbeans\java\maven\boot\plexus-classworlds-2.6.0.jar
Launcher Type: SUN_STANDARD

[Global flags]
     intx CICompilerCount                          = 4                                         {product} {ergonomic}
     uint ConcGCThreads                            = 2                                         {product} {ergonomic}
     uint G1ConcRefinementThreads                  = 8                                         {product} {ergonomic}
   size_t G1HeapRegionSize                         = 4194304                                   {product} {ergonomic}
    uintx GCDrainStackTargetSize                   = 64                                        {product} {ergonomic}
   size_t InitialHeapSize                          = 301989888                                 {product} {ergonomic}
   size_t MarkStackSize                            = 4194304                                   {product} {ergonomic}
   size_t MaxHeapSize                              = 4831838208                                {product} {ergonomic}
   size_t MinHeapDeltaBytes                        = 4194304                                   {product} {ergonomic}
   size_t MinHeapSize                              = 8388608                                   {product} {ergonomic}
    uintx NonNMethodCodeHeapSize                   = 5839372                                {pd product} {ergonomic}
    uintx NonProfiledCodeHeapSize                  = 122909434                              {pd product} {ergonomic}
    uintx ProfiledCodeHeapSize                     = 122909434                              {pd product} {ergonomic}
    uintx ReservedCodeCacheSize                    = 251658240                              {pd product} {ergonomic}
     bool SegmentedCodeCache                       = true                                      {product} {ergonomic}
   size_t SoftMaxHeapSize                          = 4831838208                             {manageable} {ergonomic}
     bool UseCompressedClassPointers               = true                           {product lp64_product} {ergonomic}
     bool UseCompressedOops                        = true                           {product lp64_product} {ergonomic}
     bool UseG1GC                                  = true                                      {product} {ergonomic}
     bool UseLargePagesIndividualAllocation        = false                                  {pd product} {ergonomic}

Logging:
Log output configuration:
 #0: stdout all=warning uptime,level,tags
 #1: stderr all=off uptime,level,tags

Environment Variables:
JAVA_HOME=C:\Program Files\Java\jdk-17.0.3.1
PATH=C:\Program Files\Common Files\Oracle\Java\javapath;C:\WINDOWS\system32;C:\WINDOWS;C:\WINDOWS\System32\Wbem;C:\WINDOWS\System32\WindowsPowerShell\v1.0\;C:\WINDOWS\System32\OpenSSH\;C:\Program Files\Git\cmd;C:\Program Files (x86)\NVIDIA Corporation\PhysX\Common;C:\Program Files\NVIDIA Corporation\NVIDIA NvDLISR;C:\Program Files\nodejs\;C:\Program Files\MySQL\MySQL Shell 8.0\bin\;C:\Users\Jesica\AppData\Local\Microsoft\WindowsApps;;C:\Users\Jesica\AppData\Local\Programs\Microsoft VS Code\bin;C:\Users\Jesica\AppData\Roaming\npm
USERNAME=Jesica
OS=Windows_NT
PROCESSOR_IDENTIFIER=Intel64 Family 6 Model 26 Stepping 5, GenuineIntel



---------------  S Y S T E M  ---------------

OS:
 Windows 10 , 64 bit Build 19041 (10.0.19041.1706)
OS uptime: 0 days 8:32 hours

CPU: total 8 (initial active 8) (4 cores per cpu, 2 threads per core) family 6 model 26 stepping 5 microcode 0x1d, cx8, cmov, fxsr, ht, mmx, sse, sse2, sse3, ssse3, sse4.1, sse4.2, popcnt, tsc, tscinvbit, clflush

Memory: 4k page, system-wide physical 18423M (9454M free)
TotalPageFile size 48172M (AvailPageFile size 130M)
current process WorkingSet (physical memory assigned to process): 10M, peak: 10M
current process commit charge ("private bytes"): 60M, peak: 347M

vm_info: Java HotSpot(TM) 64-Bit Server VM (17.0.3.1+2-LTS-6) for windows-amd64 JRE (17.0.3.1+2-LTS-6), built on Apr 25 2022 22:04:21 by "mach5one" with MS VC++ 16.8 / 16.9 (VS2019)

END.
